<?xml version="1.0" encoding="UTF-8"?>
<testsuite xmlns:xsi="http://www.w3.org/2001/XMLSchema-instance" xsi:noNamespaceSchemaLocation="https://maven.apache.org/surefire/maven-surefire-plugin/xsd/surefire-test-report.xsd" name="com.mycompany.app.MatriculaTest" time="1.598" tests="4" errors="0" skipped="0" failures="0">
  <properties>
[...]
</properties>
  <testcase name="com.mycompany.app.MatriculaTest.testGetImporteRecorreTodasAsignaturas" classname="com.mycompany.app.MatriculaTest" time="1.228"/>
  <testcase name="com.mycompany.app.MatriculaTest.testGetImporteThrowsException2" classname="com.mycompany.app.MatriculaTest" time="0.355"/>
  <testcase name="com.mycompany.app.MatriculaTest.testGetImporteThrowsException" classname="com.mycompany.app.MatriculaTest" time="0.002"/>
  <testcase name="com.mycompany.app.MatriculaTest.testGetImporte" classname="com.mycompany.app.MatriculaTest" time="0.012"/>
</testsuite>